<?xml version="1.0" encoding="UTF-8"?>
<!-- Generated by org.testng.reporters.JUnitReportReporter -->
<testsuite hostname="Home" name="com.jenkins.SeleniumWithJenkins.Generic_methods" tests="2" failures="0" timestamp="10 Mar 2018 18:28:31 GMT" time="97.214" errors="0">
  <testcase name="launchBrowser" time="54.079" classname="com.jenkins.SeleniumWithJenkins.Generic_methods"/>
  <testcase name="searchFunction" time="43.135" classname="com.jenkins.SeleniumWithJenkins.Generic_methods"/>
</testsuite> <!-- com.jenkins.SeleniumWithJenkins.Generic_methods -->
